<?xml version="1.0" encoding="UTF-8"?>
<testng-results ignored="0" total="2" passed="2" failed="0" skipped="0">
  <reporter-output>
  </reporter-output>
  <suite started-at="2023-09-07T08:27:34 IST" name="Regression Suite" finished-at="2023-09-07T08:28:21 IST" duration-ms="47067">
    <groups>
    </groups>
    <test started-at="2023-09-07T08:27:34 IST" name="TestOrangeHRMPIM" finished-at="2023-09-07T08:28:21 IST" duration-ms="47067">
      <class name="testscripts.TestOrangeHrmPim">
        <test-method is-config="true" signature="precondition()[pri:0, instance:testscripts.TestOrangeHrmPim@50eac852]" started-at="2023-09-07T08:27:34 IST" name="precondition" finished-at="2023-09-07T08:27:44 IST" duration-ms="10357" status="PASS">
          <reporter-output>
          </reporter-output>
        </test-method> <!-- precondition -->
        <test-method signature="testPimCreation()[pri:0, instance:testscripts.TestOrangeHrmPim@50eac852]" started-at="2023-09-07T08:27:44 IST" name="testPimCreation" finished-at="2023-09-07T08:27:57 IST" duration-ms="12871" status="PASS">
          <reporter-output>
          </reporter-output>
        </test-method> <!-- testPimCreation -->
        <test-method is-config="true" signature="postcondition()[pri:0, instance:testscripts.TestOrangeHrmPim@50eac852]" started-at="2023-09-07T08:27:57 IST" name="postcondition" finished-at="2023-09-07T08:27:59 IST" duration-ms="1208" status="PASS">
          <reporter-output>
          </reporter-output>
        </test-method> <!-- postcondition -->
        <test-method is-config="true" signature="precondition()[pri:0, instance:testscripts.TestOrangeHrmPim@50eac852]" started-at="2023-09-07T08:27:59 IST" name="precondition" finished-at="2023-09-07T08:28:07 IST" duration-ms="8787" status="PASS">
          <reporter-output>
          </reporter-output>
        </test-method> <!-- precondition -->
        <test-method signature="testPimDeletion()[pri:0, instance:testscripts.TestOrangeHrmPim@50eac852]" started-at="2023-09-07T08:28:07 IST" name="testPimDeletion" finished-at="2023-09-07T08:28:20 IST" depends-on-methods="testscripts.TestOrangeHrmPim.testPimCreation" duration-ms="12561" status="PASS">
          <reporter-output>
          </reporter-output>
        </test-method> <!-- testPimDeletion -->
        <test-method is-config="true" signature="postcondition()[pri:0, instance:testscripts.TestOrangeHrmPim@50eac852]" started-at="2023-09-07T08:28:20 IST" name="postcondition" finished-at="2023-09-07T08:28:21 IST" duration-ms="1208" status="PASS">
          <reporter-output>
          </reporter-output>
        </test-method> <!-- postcondition -->
      </class> <!-- testscripts.TestOrangeHrmPim -->
    </test> <!-- TestOrangeHRMPIM -->
  </suite> <!-- Regression Suite -->
</testng-results>
